<?xml version="1.0" encoding="UTF-8"?>
<testng-results ignored="0" total="2" passed="2" failed="0" skipped="0">
  <reporter-output>
  </reporter-output>
  <suite started-at="2024-10-17T01:36:16Z" name="Default suite" finished-at="2024-10-17T01:36:16Z" duration-ms="137">
    <groups>
    </groups>
    <test started-at="2024-10-17T01:36:16Z" name="Default test" finished-at="2024-10-17T01:36:16Z" duration-ms="137">
      <class name="com.app.testone.EmpGson_Test">
        <test-method signature="getDetailsfromJson()[pri:0, instance:com.app.testone.EmpGson_Test@33065d67]" started-at="2024-10-17T01:36:16Z" name="getDetailsfromJson" finished-at="2024-10-17T01:36:16Z" duration-ms="70" status="PASS">
          <reporter-output>
          </reporter-output>
        </test-method> <!-- getDetailsfromJson -->
        <test-method signature="getSerializationTest()[pri:0, instance:com.app.testone.EmpGson_Test@33065d67]" started-at="2024-10-17T01:36:16Z" name="getSerializationTest" finished-at="2024-10-17T01:36:16Z" duration-ms="11" status="PASS">
          <reporter-output>
          </reporter-output>
        </test-method> <!-- getSerializationTest -->
      </class> <!-- com.app.testone.EmpGson_Test -->
    </test> <!-- Default test -->
  </suite> <!-- Default suite -->
</testng-results>
